#
# There is insufficient memory for the Java Runtime Environment to continue.
# Native memory allocation (malloc) failed to allocate 2429408 bytes for Chunk::new
# Possible reasons:
#   The system is out of physical RAM or swap space
#   In 32 bit mode, the process size limit was hit
# Possible solutions:
#   Reduce memory load on the system
#   Increase physical memory or swap space
#   Check if swap backing store is full
#   Use 64 bit Java on a 64 bit OS
#   Decrease Java heap size (-Xmx/-Xms)
#   Decrease number of Java threads
#   Decrease Java thread stack sizes (-Xss)
#   Set larger code cache with -XX:ReservedCodeCacheSize=
# This output file may be truncated or incomplete.
#
#  Out of Memory Error (allocation.cpp:390), pid=8384, tid=8116
#
# JRE version: Java(TM) SE Runtime Environment (8.0_65-b17) (build 1.8.0_65-b17)
# Java VM: Java HotSpot(TM) 64-Bit Server VM (25.65-b01 mixed mode windows-amd64 compressed oops)
# Failed to write core dump. Minidumps are not enabled by default on client versions of Windows
#

---------------  T H R E A D  ---------------

Current thread (0x0000000015273800):  JavaThread "C2 CompilerThread0" daemon [_thread_in_native, id=8116, stack(0x0000000015a70000,0x0000000015c70000)]

Stack: [0x0000000015a70000,0x0000000015c70000]
[error occurred during error reporting (printing stack bounds), id 0xc0000005]

Native frames: (J=compiled Java code, j=interpreted, Vv=VM code, C=native code)


Current CompileTask:
C2:  64476 4310  s!   4       org.netbeans.ProxyClassLoader::loadClass (612 bytes)


---------------  P R O C E S S  ---------------

Java Threads: ( => current thread )
  0x000000001dabb000 JavaThread "Image Fetcher 1" daemon [_thread_blocked, id=5948, stack(0x0000000025530000,0x0000000025730000)]
  0x000000001daba800 JavaThread "Image Fetcher 0" daemon [_thread_blocked, id=5732, stack(0x0000000024f20000,0x0000000025120000)]
  0x000000001dab9000 JavaThread "Flushing caches" [_thread_blocked, id=8640, stack(0x0000000024d20000,0x0000000024f20000)]
  0x000000001dab8000 JavaThread "TimerQueue" daemon [_thread_blocked, id=7776, stack(0x00000000246f0000,0x00000000248f0000)]
  0x000000001dab7800 JavaThread "Worker-JM" [_thread_blocked, id=3080, stack(0x00000000240f0000,0x00000000242f0000)]
  0x000000001dab6800 JavaThread "Framework Event Dispatcher" daemon [_thread_blocked, id=4736, stack(0x0000000023cf0000,0x0000000023ef0000)]
  0x000000001dab6000 JavaThread "Deadlock Detector" [_thread_blocked, id=8084, stack(0x000000001c520000,0x000000001c720000)]
  0x000000001dab5000 JavaThread "Thread-3" daemon [_thread_blocked, id=3616, stack(0x0000000023af0000,0x0000000023cf0000)]
  0x000000001dab4800 JavaThread "W32 File Monitor" daemon [_thread_in_Java, id=6820, stack(0x00000000236f0000,0x00000000238f0000)]
  0x000000001dab3800 JavaThread "File Watcher" daemon [_thread_in_Java, id=8160, stack(0x00000000206e0000,0x00000000208e0000)]
  0x000000001dab3000 JavaThread "Inactive RequestProcessor thread [Was:org.netbeans.modules.project.ui.ProjectTab/org.netbeans.modules.project.ui.ProjectTab$KeepExpansion]" daemon [_thread_blocked, id=8188, stack(0x00000000204e0000,0x00000000206e0000)]
  0x000000001dab2000 JavaThread "org.netbeans.modules.project.ui.ProjectsRootNode$ProjectChildren" daemon [_thread_in_native, id=7788, stack(0x00000000202e0000,0x00000000204e0000)]
  0x000000001dab1800 JavaThread "Inactive RequestProcessor thread [Was:Folder recognizer/org.openide.loaders.FolderList$ListTask]" daemon [_thread_blocked, id=5384, stack(0x00000000200e0000,0x00000000202e0000)]
  0x000000001dab0800 JavaThread "Inactive RequestProcessor thread [Was:On Start/Stop/org.netbeans.modules.masterfs.Installer]" daemon [_thread_blocked, id=8472, stack(0x000000001fee0000,0x00000000200e0000)]
  0x000000001dab0000 JavaThread "State Data Manager" daemon [_thread_blocked, id=4040, stack(0x000000001f830000,0x000000001fa30000)]
  0x000000001daaf000 JavaThread "Framework Active Thread" [_thread_blocked, id=3992, stack(0x000000001f630000,0x000000001f830000)]
  0x000000001694d000 JavaThread "AWT-EventQueue-0" [_thread_in_native, id=4564, stack(0x000000001c750000,0x000000001c950000)]
  0x000000001694c800 JavaThread "AWT-Shutdown" [_thread_blocked, id=7944, stack(0x000000001bdd0000,0x000000001bfd0000)]
  0x0000000016821000 JavaThread "AWT-Windows" daemon [_thread_in_native, id=3516, stack(0x000000001bfd0000,0x000000001c1d0000)]
  0x0000000016959000 JavaThread "Java2D Disposer" daemon [_thread_blocked, id=4012, stack(0x000000001bbd0000,0x000000001bdd0000)]
  0x0000000016829000 JavaThread "RequestProcessor queue manager" daemon [_thread_blocked, id=4892, stack(0x000000001b470000,0x000000001b670000)]
  0x0000000016847800 JavaThread "Inactive RequestProcessor thread [Was:System clipboard synchronizer/org.netbeans.NbClipboard$GetContents]" daemon [_thread_blocked, id=4572, stack(0x000000001b070000,0x000000001b270000)]
  0x000000001680b000 JavaThread "CLI Requests Server" daemon [_thread_in_native, id=556, stack(0x000000001ae70000,0x000000001b070000)]
  0x00000000167d9000 JavaThread "Active Reference Queue Daemon" daemon [_thread_blocked, id=3404, stack(0x0000000016ed0000,0x00000000170d0000)]
  0x0000000015300000 JavaThread "Service Thread" daemon [_thread_blocked, id=3076, stack(0x0000000016070000,0x0000000016270000)]
  0x000000001527a800 JavaThread "C1 CompilerThread2" daemon [_thread_blocked, id=5092, stack(0x0000000015e70000,0x0000000016070000)]
  0x0000000015275800 JavaThread "C2 CompilerThread1" daemon [_thread_blocked, id=8560, stack(0x0000000015c70000,0x0000000015e70000)]
=>0x0000000015273800 JavaThread "C2 CompilerThread0" daemon [_thread_in_native, id=8116, stack(0x0000000015a70000,0x0000000015c70000)]
  0x0000000015270800 JavaThread "Attach Listener" daemon [_thread_blocked, id=6008, stack(0x0000000015870000,0x0000000015a70000)]
  0x0000000013bb7800 JavaThread "Signal Dispatcher" daemon [_thread_blocked, id=4072, stack(0x0000000015670000,0x0000000015870000)]
  0x0000000013b59800 JavaThread "Finalizer" daemon [_thread_blocked, id=5804, stack(0x0000000014fb0000,0x00000000151b0000)]
  0x0000000013b52800 JavaThread "Reference Handler" daemon [_thread_blocked, id=7956, stack(0x0000000014db0000,0x0000000014fb0000)]
  0x000000000247a000 JavaThread "main" [_thread_blocked, id=3048, stack(0x0000000000030000,0x0000000000230000)]

Other Threads:
  0x0000000013b4d000 VMThread [stack: 0x0000000014bb0000,0x0000000014db0000] [id=8596]
  0x0000000015306000 WatcherThread [stack: 0x0000000016270000,0x0000000016470000] [id=6608]

VM state:not at safepoint (normal execution)

VM Mutex/Monitor currently owned by a thread: None

Heap:
 PSYoungGen      total 72704K, used 15160K [0x00000000f8200000, 0x00000000fe700000, 0x0000000100000000)
  eden space 66048K, 20% used [0x00000000f8200000,0x00000000f8f06ca8,0x00000000fc280000)
  from space 6656K, 27% used [0x00000000fc280000,0x00000000fc447370,0x00000000fc900000)
  to   space 6656K, 0% used [0x00000000fe080000,0x00000000fe080000,0x00000000fe700000)
 ParOldGen       total 43008K, used 25928K [0x00000000e8600000, 0x00000000eb000000, 0x00000000f8200000)
  object space 43008K, 60% used [0x00000000e8600000,0x00000000e9f520f8,0x00000000eb000000)
 Metaspace       used 39170K, capacity 42902K, committed 43176K, reserved 1085440K
  class space    used 4927K, capacity 6204K, committed 6312K, reserved 1048576K

Card table byte_map: [0x0000000011c70000,0x0000000011d30000] byte_map_base: 0x000000001152d000

Marking Bits: (ParMarkBitMap*) 0x000000006b7ca5b0
 Begin Bits: [0x0000000012530000, 0x0000000012b18000)
 End Bits:   [0x0000000012b18000, 0x0000000013100000)

Polling page: 0x0000000000740000

CodeCache: size=245760Kb used=13824Kb max_used=14275Kb free=231935Kb
 bounds [0x00000000028b0000, 0x00000000036c0000, 0x00000000118b0000]
 total_blobs=4367 nmethods=3766 adapters=512
 compilation: enabled

Compilation events (10 events):
Event: 64.326 Thread 0x000000001527a800 4513       3       java.awt.image.DataBufferByte::getElem (20 bytes)
Event: 64.326 Thread 0x000000001527a800 nmethod 4513 0x000000000325ffd0 code [0x0000000003260140, 0x0000000003260310]
Event: 64.328 Thread 0x000000001527a800 4514       3       java.util.zip.ZStreamRef::clear (6 bytes)
Event: 64.328 Thread 0x000000001527a800 nmethod 4514 0x000000000325fc90 code [0x000000000325fde0, 0x000000000325ff50]
Event: 64.328 Thread 0x000000001527a800 4515       3       java.awt.image.BufferedImage::getHeight (8 bytes)
Event: 64.328 Thread 0x000000001527a800 nmethod 4515 0x000000000325f890 code [0x000000000325f9e0, 0x000000000325fbd0]
Event: 64.328 Thread 0x000000001527a800 4516       3       java.awt.Image::<init> (11 bytes)
Event: 64.328 Thread 0x000000001527a800 nmethod 4516 0x000000000325f4d0 code [0x000000000325f620, 0x000000000325f7d0]
Event: 64.329 Thread 0x000000001527a800 4517       3       java.awt.Rectangle::translate (197 bytes)
Event: 64.329 Thread 0x000000001527a800 nmethod 4517 0x00000000035b4210 code [0x00000000035b4380, 0x00000000035b4810]

GC Heap History (10 events):
Event: 42.725 GC heap before
{Heap before GC invocations=13 (full 1):
 PSYoungGen      total 37376K, used 33152K [0x00000000f8200000, 0x00000000fbc00000, 0x0000000100000000)
  eden space 31744K, 100% used [0x00000000f8200000,0x00000000fa100000,0x00000000fa100000)
  from space 5632K, 25% used [0x00000000fa100000,0x00000000fa260000,0x00000000fa680000)
  to   space 5632K, 0% used [0x00000000fb680000,0x00000000fb680000,0x00000000fbc00000)
 ParOldGen       total 30208K, used 16146K [0x00000000e8600000, 0x00000000ea380000, 0x00000000f8200000)
  object space 30208K, 53% used [0x00000000e8600000,0x00000000e95c4980,0x00000000ea380000)
 Metaspace       used 26500K, capacity 28940K, committed 29056K, reserved 1075200K
  class space    used 2906K, capacity 3681K, committed 3712K, reserved 1048576K
Event: 42.740 GC heap after
Heap after GC invocations=13 (full 1):
 PSYoungGen      total 52736K, used 4064K [0x00000000f8200000, 0x00000000fbc00000, 0x0000000100000000)
  eden space 47104K, 0% used [0x00000000f8200000,0x00000000f8200000,0x00000000fb000000)
  from space 5632K, 72% used [0x00000000fb680000,0x00000000fba78168,0x00000000fbc00000)
  to   space 6144K, 0% used [0x00000000fb000000,0x00000000fb000000,0x00000000fb600000)
 ParOldGen       total 30208K, used 17418K [0x00000000e8600000, 0x00000000ea380000, 0x00000000f8200000)
  object space 30208K, 57% used [0x00000000e8600000,0x00000000e9702850,0x00000000ea380000)
 Metaspace       used 26500K, capacity 28940K, committed 29056K, reserved 1075200K
  class space    used 2906K, capacity 3681K, committed 3712K, reserved 1048576K
}
Event: 58.162 GC heap before
{Heap before GC invocations=14 (full 1):
 PSYoungGen      total 52736K, used 45883K [0x00000000f8200000, 0x00000000fbc00000, 0x0000000100000000)
  eden space 47104K, 88% used [0x00000000f8200000,0x00000000faad6ba0,0x00000000fb000000)
  from space 5632K, 72% used [0x00000000fb680000,0x00000000fba78168,0x00000000fbc00000)
  to   space 6144K, 0% used [0x00000000fb000000,0x00000000fb000000,0x00000000fb600000)
 ParOldGen       total 30208K, used 17418K [0x00000000e8600000, 0x00000000ea380000, 0x00000000f8200000)
  object space 30208K, 57% used [0x00000000e8600000,0x00000000e9702850,0x00000000ea380000)
 Metaspace       used 31981K, capacity 35400K, committed 35496K, reserved 1079296K
  class space    used 3680K, capacity 4765K, committed 4776K, reserved 1048576K
Event: 58.180 GC heap after
Heap after GC invocations=14 (full 1):
 PSYoungGen      total 53248K, used 6108K [0x00000000f8200000, 0x00000000fd180000, 0x0000000100000000)
  eden space 47104K, 0% used [0x00000000f8200000,0x00000000f8200000,0x00000000fb000000)
  from space 6144K, 99% used [0x00000000fb000000,0x00000000fb5f7180,0x00000000fb600000)
  to   space 6656K, 0% used [0x00000000fcb00000,0x00000000fcb00000,0x00000000fd180000)
 ParOldGen       total 30208K, used 20554K [0x00000000e8600000, 0x00000000ea380000, 0x00000000f8200000)
  object space 30208K, 68% used [0x00000000e8600000,0x00000000e9a12bc8,0x00000000ea380000)
 Metaspace       used 31981K, capacity 35400K, committed 35496K, reserved 1079296K
  class space    used 3680K, capacity 4765K, committed 4776K, reserved 1048576K
}
Event: 58.181 GC heap before
{Heap before GC invocations=15 (full 2):
 PSYoungGen      total 53248K, used 6108K [0x00000000f8200000, 0x00000000fd180000, 0x0000000100000000)
  eden space 47104K, 0% used [0x00000000f8200000,0x00000000f8200000,0x00000000fb000000)
  from space 6144K, 99% used [0x00000000fb000000,0x00000000fb5f7180,0x00000000fb600000)
  to   space 6656K, 0% used [0x00000000fcb00000,0x00000000fcb00000,0x00000000fd180000)
 ParOldGen       total 30208K, used 20554K [0x00000000e8600000, 0x00000000ea380000, 0x00000000f8200000)
  object space 30208K, 68% used [0x00000000e8600000,0x00000000e9a12bc8,0x00000000ea380000)
 Metaspace       used 31981K, capacity 35400K, committed 35496K, reserved 1079296K
  class space    used 3680K, capacity 4765K, committed 4776K, reserved 1048576K
Event: 58.334 GC heap after
Heap after GC invocations=15 (full 2):
 PSYoungGen      total 53248K, used 0K [0x00000000f8200000, 0x00000000fd180000, 0x0000000100000000)
  eden space 47104K, 0% used [0x00000000f8200000,0x00000000f8200000,0x00000000fb000000)
  from space 6144K, 0% used [0x00000000fb000000,0x00000000fb000000,0x00000000fb600000)
  to   space 6656K, 0% used [0x00000000fcb00000,0x00000000fcb00000,0x00000000fd180000)
 ParOldGen       total 43008K, used 24691K [0x00000000e8600000, 0x00000000eb000000, 0x00000000f8200000)
  object space 43008K, 57% used [0x00000000e8600000,0x00000000e9e1cfb8,0x00000000eb000000)
 Metaspace       used 31981K, capacity 35400K, committed 35496K, reserved 1079296K
  class space    used 3680K, capacity 4765K, committed 4776K, reserved 1048576K
}
Event: 59.561 GC heap before
{Heap before GC invocations=16 (full 2):
 PSYoungGen      total 53248K, used 47104K [0x00000000f8200000, 0x00000000fd180000, 0x0000000100000000)
  eden space 47104K, 100% used [0x00000000f8200000,0x00000000fb000000,0x00000000fb000000)
  from space 6144K, 0% used [0x00000000fb000000,0x00000000fb000000,0x00000000fb600000)
  to   space 6656K, 0% used [0x00000000fcb00000,0x00000000fcb00000,0x00000000fd180000)
 ParOldGen       total 43008K, used 24691K [0x00000000e8600000, 0x00000000eb000000, 0x00000000f8200000)
  object space 43008K, 57% used [0x00000000e8600000,0x00000000e9e1cfb8,0x00000000eb000000)
 Metaspace       used 34083K, capacity 37720K, committed 38056K, reserved 1081344K
  class space    used 4066K, capacity 5240K, committed 5288K, reserved 1048576K
Event: 59.566 GC heap after
Heap after GC invocations=16 (full 2):
 PSYoungGen      total 70656K, used 1360K [0x00000000f8200000, 0x00000000fcf80000, 0x0000000100000000)
  eden space 66048K, 0% used [0x00000000f8200000,0x00000000f8200000,0x00000000fc280000)
  from space 4608K, 29% used [0x00000000fcb00000,0x00000000fcc54010,0x00000000fcf80000)
  to   space 6656K, 0% used [0x00000000fc280000,0x00000000fc280000,0x00000000fc900000)
 ParOldGen       total 43008K, used 24699K [0x00000000e8600000, 0x00000000eb000000, 0x00000000f8200000)
  object space 43008K, 57% used [0x00000000e8600000,0x00000000e9e1efb8,0x00000000eb000000)
 Metaspace       used 34083K, capacity 37720K, committed 38056K, reserved 1081344K
  class space    used 4066K, capacity 5240K, committed 5288K, reserved 1048576K
}
Event: 63.573 GC heap before
{Heap before GC invocations=17 (full 2):
 PSYoungGen      total 70656K, used 67408K [0x00000000f8200000, 0x00000000fcf80000, 0x0000000100000000)
  eden space 66048K, 100% used [0x00000000f8200000,0x00000000fc280000,0x00000000fc280000)
  from space 4608K, 29% used [0x00000000fcb00000,0x00000000fcc54010,0x00000000fcf80000)
  to   space 6656K, 0% used [0x00000000fc280000,0x00000000fc280000,0x00000000fc900000)
 ParOldGen       total 43008K, used 24699K [0x00000000e8600000, 0x00000000eb000000, 0x00000000f8200000)
  object space 43008K, 57% used [0x00000000e8600000,0x00000000e9e1efb8,0x00000000eb000000)
 Metaspace       used 37682K, capacity 41382K, committed 41768K, reserved 1085440K
  class space    used 4625K, capacity 5849K, committed 5928K, reserved 1048576K
Event: 63.580 GC heap after
Heap after GC invocations=17 (full 2):
 PSYoungGen      total 72704K, used 1820K [0x00000000f8200000, 0x00000000fe700000, 0x0000000100000000)
  eden space 66048K, 0% used [0x00000000f8200000,0x00000000f8200000,0x00000000fc280000)
  from space 6656K, 27% used [0x00000000fc280000,0x00000000fc447370,0x00000000fc900000)
  to   space 6656K, 0% used [0x00000000fe080000,0x00000000fe080000,0x00000000fe700000)
 ParOldGen       total 43008K, used 25928K [0x00000000e8600000, 0x00000000eb000000, 0x00000000f8200000)
  object space 43008K, 60% used [0x00000000e8600000,0x00000000e9f520f8,0x00000000eb000000)
 Metaspace       used 37682K, capacity 41382K, committed 41768K, reserved 1085440K
  class space    used 4625K, capacity 5849K, committed 5928K, reserved 1048576K
}

Deoptimization events (10 events):
Event: 62.401 Thread 0x000000001694d000 Uncommon trap: reason=class_check action=maybe_recompile pc=0x00000000035dec64 method=org.openide.filesystems.AbstractFolder.getChild(Ljava/lang/String;Z)Lorg/openide/filesystems/AbstractFolder; @ 5
Event: 62.401 Thread 0x000000001694d000 Uncommon trap: reason=class_check action=maybe_recompile pc=0x00000000035dec64 method=org.openide.filesystems.AbstractFolder.getChild(Ljava/lang/String;Z)Lorg/openide/filesystems/AbstractFolder; @ 5
Event: 62.467 Thread 0x000000001694d000 Uncommon trap: reason=class_check action=maybe_recompile pc=0x0000000002e48928 method=org.openide.filesystems.MIMESupport$CachedFileObject.getExt()Ljava/lang/String; @ 12
Event: 62.485 Thread 0x000000001694d000 Uncommon trap: reason=bimorphic action=maybe_recompile pc=0x00000000033ffd7c method=java.io.BufferedInputStream.read1([BII)I @ 39
Event: 62.490 Thread 0x000000001694d000 Uncommon trap: reason=unstable_if action=reinterpret pc=0x0000000002cb0d74 method=java.io.ObjectStreamClass.forClass()Ljava/lang/Class; @ 16
Event: 62.911 Thread 0x000000001dab2000 Uncommon trap: reason=unstable_if action=reinterpret pc=0x00000000035414a4 method=sun.misc.URLClassPath.findResource(Ljava/lang/String;Z)Ljava/net/URL; @ 33
Event: 62.911 Thread 0x000000001dab2000 Uncommon trap: reason=unstable_if action=reinterpret pc=0x0000000003546500 method=java.net.URLClassLoader.findResource(Ljava/lang/String;)Ljava/net/URL; @ 21
Event: 63.299 Thread 0x000000001694d000 Uncommon trap: reason=unstable_if action=reinterpret pc=0x0000000002d5ea4c method=java.util.Properties$LineReader.readLine()I @ 81
Event: 63.319 Thread 0x000000001694d000 Uncommon trap: reason=bimorphic action=maybe_recompile pc=0x00000000033ffd7c method=java.io.BufferedInputStream.read1([BII)I @ 39
Event: 63.452 Thread 0x000000001694d000 Uncommon trap: reason=unstable_if action=reinterpret pc=0x0000000002befbc0 method=java.util.IdentityHashMap.maskNull(Ljava/lang/Object;)Ljava/lang/Object; @ 1

Internal exceptions (10 events):
Event: 36.641 Thread 0x000000001dab4800 Exception <a 'java/lang/UnsatisfiedLinkError': The specified procedure could not be found.
> (0x00000000f8dcdfb0) thrown at [C:\workspace\8-2-build-windows-amd64-cygwin\jdk8u65\4987\hotspot\src\share\vm\prims\jni.cpp, line 735]
Event: 56.825 Thread 0x0000000016849000 Exception <a 'java/io/FileNotFoundException'> (0x00000000f960abf0) thrown at [C:\workspace\8-2-build-windows-amd64-cygwin\jdk8u65\4987\hotspot\src\share\vm\prims\jni.cpp, line 709]
Event: 56.954 Thread 0x0000000016849000 Exception <a 'java/io/FileNotFoundException'> (0x00000000f97cd578) thrown at [C:\workspace\8-2-build-windows-amd64-cygwin\jdk8u65\4987\hotspot\src\share\vm\prims\jni.cpp, line 709]
Event: 56.965 Thread 0x0000000016849000 Exception <a 'java/io/FileNotFoundException'> (0x00000000f9800a00) thrown at [C:\workspace\8-2-build-windows-amd64-cygwin\jdk8u65\4987\hotspot\src\share\vm\prims\jni.cpp, line 709]
Event: 56.966 Thread 0x0000000016849000 Exception <a 'java/io/FileNotFoundException'> (0x00000000f9802240) thrown at [C:\workspace\8-2-build-windows-amd64-cygwin\jdk8u65\4987\hotspot\src\share\vm\prims\jni.cpp, line 709]
Event: 57.051 Thread 0x0000000016849000 Exception <a 'java/io/FileNotFoundException'> (0x00000000f9834380) thrown at [C:\workspace\8-2-build-windows-amd64-cygwin\jdk8u65\4987\hotspot\src\share\vm\prims\jni.cpp, line 709]
Event: 59.792 Thread 0x0000000016849000 Implicit null exception at 0x0000000003568fe3 to 0x0000000003569ced
Event: 60.342 Thread 0x0000000016849000 Exception <a 'java/io/FileNotFoundException'> (0x00000000f9c77670) thrown at [C:\workspace\8-2-build-windows-amd64-cygwin\jdk8u65\4987\hotspot\src\share\vm\prims\jni.cpp, line 709]
Event: 62.574 Thread 0x000000001dab2000 Exception <a 'java/security/PrivilegedActionException'> (0x00000000fb826c20) thrown at [C:\workspace\8-2-build-windows-amd64-cygwin\jdk8u65\4987\hotspot\src\share\vm\prims\jvm.cpp, line 1386]
Event: 63.452 Thread 0x000000001694d000 Implicit null exception at 0x0000000002befa4f to 0x0000000002befbad

Events (10 events):
Event: 64.320 loading class sun/text/UCompactIntArray
Event: 64.320 loading class sun/text/UCompactIntArray done
Event: 64.320 loading class sun/text/normalizer/NormalizerImpl
Event: 64.321 loading class sun/text/normalizer/NormalizerImpl done
Event: 64.322 loading class sun/text/normalizer/ICUData
Event: 64.322 loading class sun/text/normalizer/ICUData done
Event: 64.322 loading class sun/text/normalizer/ICUData$1
Event: 64.330 loading class javax/swing/plaf/basic/BasicHTML$BasicHTMLViewFactory
Event: 64.346 loading class sun/text/normalizer/ICUData$1 done
Event: 64.346 loading class sun/text/normalizer/NormalizerDataReader


Dynamic libraries:
0x0000000000400000 - 0x0000000000580000 	C:\Program Files (x86)\NetBeans 8.0.2\bin\netbeans64.exe
0x0000000077bd0000 - 0x0000000077d6f000 	C:\Windows\SYSTEM32\ntdll.dll
0x0000000077ab0000 - 0x0000000077bcf000 	C:\Windows\system32\kernel32.dll
0x000007fefda30000 - 0x000007fefda97000 	C:\Windows\system32\KERNELBASE.dll
0x000007feff970000 - 0x000007feffa4b000 	C:\Windows\system32\ADVAPI32.dll
0x000007feffe20000 - 0x000007feffebf000 	C:\Windows\system32\msvcrt.dll
0x000007feff550000 - 0x000007feff56f000 	C:\Windows\SYSTEM32\sechost.dll
0x000007feff420000 - 0x000007feff54c000 	C:\Windows\system32\RPCRT4.dll
0x000007fefe5a0000 - 0x000007feff32b000 	C:\Windows\system32\SHELL32.dll
0x000007feff570000 - 0x000007feff5e1000 	C:\Windows\system32\SHLWAPI.dll
0x000007feff7d0000 - 0x000007feff837000 	C:\Windows\system32\GDI32.dll
0x00000000779b0000 - 0x0000000077aab000 	C:\Windows\system32\USER32.dll
0x000007feff330000 - 0x000007feff33e000 	C:\Windows\system32\LPK.dll
0x000007fefde10000 - 0x000007fefdedb000 	C:\Windows\system32\USP10.dll
0x000007fefdae0000 - 0x000007fefdb0e000 	C:\Windows\system32\IMM32.DLL
0x000007feff860000 - 0x000007feff96b000 	C:\Windows\system32\MSCTF.dll
0x000007fefd640000 - 0x000007fefd684000 	C:\Windows\system32\nvinitx.dll
0x000007fefdee0000 - 0x000007fefe0df000 	C:\Windows\system32\ole32.dll
0x000000006f6d0000 - 0x000000006f824000 	C:\Program Files (x86)\NetBeans 8.0.2\platform\lib\nbexec64.dll
0x000007fefd510000 - 0x000007fefd567000 	C:\Windows\system32\apphelp.dll
0x000000006afc0000 - 0x000000006b849000 	C:\Program Files\Java\jdk1.8.0_65\jre\bin\server\jvm.dll
0x000007fef4740000 - 0x000007fef4749000 	C:\Windows\system32\WSOCK32.dll
0x000007fefdb10000 - 0x000007fefdb5d000 	C:\Windows\system32\WS2_32.dll
0x000007fefe590000 - 0x000007fefe598000 	C:\Windows\system32\NSI.dll
0x000007fefbff0000 - 0x000007fefc02b000 	C:\Windows\system32\WINMM.dll
0x000007fefc740000 - 0x000007fefc74c000 	C:\Windows\system32\VERSION.dll
0x0000000077d70000 - 0x0000000077d77000 	C:\Windows\system32\PSAPI.DLL
0x0000000074130000 - 0x0000000074202000 	C:\Program Files\Java\jdk1.8.0_65\jre\bin\MSVCR100.dll
0x0000000074e20000 - 0x0000000074e59000 	C:\Program Files\Java\jdk1.8.0_65\jre\bin\splashscreen.dll
0x0000000074e90000 - 0x0000000074e9f000 	C:\Program Files\Java\jdk1.8.0_65\jre\bin\verify.dll
0x0000000074df0000 - 0x0000000074e19000 	C:\Program Files\Java\jdk1.8.0_65\jre\bin\java.dll
0x0000000074dd0000 - 0x0000000074de6000 	C:\Program Files\Java\jdk1.8.0_65\jre\bin\zip.dll
0x000007fefd730000 - 0x000007fefd73f000 	C:\Windows\system32\profapi.dll
0x0000000074db0000 - 0x0000000074dca000 	C:\Program Files\Java\jdk1.8.0_65\jre\bin\net.dll
0x000007fefce50000 - 0x000007fefcea5000 	C:\Windows\system32\mswsock.dll
0x000007fefce40000 - 0x000007fefce47000 	C:\Windows\System32\wship6.dll
0x0000000074d90000 - 0x0000000074da1000 	C:\Program Files\Java\jdk1.8.0_65\jre\bin\nio.dll
0x000007fefac60000 - 0x000007fefac87000 	C:\Windows\system32\IPHLPAPI.DLL
0x000007fefac50000 - 0x000007fefac5b000 	C:\Windows\system32\WINNSI.DLL
0x000007fefaa60000 - 0x000007fefaa78000 	C:\Windows\system32\dhcpcsvc.DLL
0x000007fefaa20000 - 0x000007fefaa31000 	C:\Windows\system32\dhcpcsvc6.DLL
0x000000006ee20000 - 0x000000006efb8000 	C:\Program Files\Java\jdk1.8.0_65\jre\bin\awt.dll
0x000007feff340000 - 0x000007feff41b000 	C:\Windows\system32\OLEAUT32.dll
0x000007fefceb0000 - 0x000007fefcec8000 	C:\Windows\system32\CRYPTSP.dll
0x000007fefcbb0000 - 0x000007fefcbf7000 	C:\Windows\system32\rsaenh.dll
0x000007fefd8b0000 - 0x000007fefd8cf000 	C:\Windows\system32\USERENV.dll
0x000007fefd570000 - 0x000007fefd57f000 	C:\Windows\system32\CRYPTBASE.dll
0x000007fefb7b0000 - 0x000007fefb7c8000 	C:\Windows\system32\DWMAPI.DLL
0x000007fefbf90000 - 0x000007fefbfa5000 	C:\Windows\system32\NLAapi.dll
0x000007fefb430000 - 0x000007fefb445000 	C:\Windows\system32\napinsp.dll
0x000007fefb410000 - 0x000007fefb429000 	C:\Windows\system32\pnrpnsp.dll
0x000007fefccd0000 - 0x000007fefcd2b000 	C:\Windows\system32\DNSAPI.dll
0x000007fefb4c0000 - 0x000007fefb4cb000 	C:\Windows\System32\winrnr.dll
0x000007fef1090000 - 0x000007fef10bf000 	C:\Program Files\Common Files\Microsoft Shared\Windows Live\WLIDNSP.DLL
0x000007fefb400000 - 0x000007fefb410000 	C:\Windows\system32\wshbth.dll
0x0000000070150000 - 0x0000000070176000 	C:\Program Files\Bonjour\mdnsNSP.dll
0x000007fefc810000 - 0x000007fefc817000 	C:\Windows\System32\wshtcpip.dll
0x000007fef1080000 - 0x000007fef1088000 	C:\Windows\system32\rasadhlp.dll
0x000007fefab00000 - 0x000007fefab53000 	C:\Windows\System32\fwpuclnt.dll
0x000007fefc080000 - 0x000007fefc275000 	C:\Windows\WinSxS\amd64_microsoft.windows.common-controls_6595b64144ccf1df_6.0.7601.24483_none_e372d88f30fbb845\COMCTL32.dll
0x000007fefbe00000 - 0x000007fefbe56000 	C:\Windows\system32\uxtheme.dll
0x0000000074d40000 - 0x0000000074d87000 	C:\Program Files\Java\jdk1.8.0_65\jre\bin\fontmanager.dll
0x0000000074c80000 - 0x0000000074cc2000 	C:\Program Files\Java\jdk1.8.0_65\jre\bin\t2k.dll
0x0000000180000000 - 0x0000000180038000 	C:\Program Files (x86)\NetBeans 8.0.2\platform\modules\lib\amd64\jnidispatch-410.dll
0x000007fefdbe0000 - 0x000007fefdc79000 	C:\Windows\system32\CLBCatQ.DLL
0x0000000074f00000 - 0x0000000074f0d000 	C:\Program Files\Java\jdk1.8.0_65\jre\bin\management.dll
0x000007fef3c90000 - 0x000007fef3d01000 	C:\Windows\system32\winhttp.dll
0x000007fef3c20000 - 0x000007fef3c85000 	C:\Windows\system32\webio.dll
0x000007fefd4e0000 - 0x000007fefd505000 	C:\Windows\system32\SspiCli.dll
0x000007fefca80000 - 0x000007fefca8a000 	C:\Windows\system32\credssp.dll
0x000007fefd9e0000 - 0x000007fefda16000 	C:\Windows\system32\CFGMGR32.dll
0x000007fef9840000 - 0x000007fef98e0000 	C:\Windows\WinSxS\amd64_microsoft.windows.common-controls_6595b64144ccf1df_5.82.7601.18837_none_a4d981ff711297b6\comctl32.dll
0x000007fefb5e0000 - 0x000007fefb741000 	C:\Windows\system32\WindowsCodecs.dll
0x000007fef01a0000 - 0x000007fef01d5000 	C:\Windows\system32\EhStorShell.dll
0x000007feff5f0000 - 0x000007feff7c7000 	C:\Windows\system32\SETUPAPI.dll
0x000007fefdab0000 - 0x000007fefdaca000 	C:\Windows\system32\DEVOBJ.dll
0x000007fefbe60000 - 0x000007fefbf8c000 	C:\Windows\system32\PROPSYS.dll
0x000007fef0120000 - 0x000007fef01a0000 	C:\Windows\system32\ntshrui.dll
0x000007fefd270000 - 0x000007fefd293000 	C:\Windows\system32\srvcli.dll
0x000007fef2df0000 - 0x000007fef2dff000 	C:\Windows\system32\cscapi.dll
0x000007fefae90000 - 0x000007fefae9b000 	C:\Windows\system32\slc.dll

VM Arguments:
jvm_args: -Dnetbeans.importclass=org.netbeans.upgrade.AutoUpgrade -Dnetbeans.accept_license_class=org.netbeans.license.AcceptLicense -client -Xss2m -Xms32m -XX:PermSize=32m -Dapple.laf.useScreenMenuBar=true -Dapple.awt.graphics.UseQuartz=true -Dsun.java2d.noddraw=true -Dsun.java2d.dpiaware=true -Dsun.zip.disableMemoryMapping=true -Xmx377m -Djdk.home=C:\Program Files\Java\jdk1.8.0_65 -Dnetbeans.home=C:\Program Files (x86)\NetBeans 8.0.2\platform -Dnetbeans.user=C:\Users\User\AppData\Roaming\NetBeans\8.0.2 -Dnetbeans.default_userdir_root=C:\Users\User\AppData\Roaming\NetBeans -XX:+HeapDumpOnOutOfMemoryError -XX:HeapDumpPath=C:\Users\User\AppData\Roaming\NetBeans\8.0.2\var\log\heapdump.hprof -Dsun.awt.keepWorkingSetOnMinimize=true -Dnetbeans.dirs=C:\Program Files (x86)\NetBeans 8.0.2\nb;C:\Program Files (x86)\NetBeans 8.0.2\ergonomics;C:\Program Files (x86)\NetBeans 8.0.2\ide;C:\Program Files (x86)\NetBeans 8.0.2\extide;C:\Program Files (x86)\NetBeans 8.0.2\java;C:\Program Files (x86)\NetBeans 8.0.2\apisupport;C:\Program Files (x86)\NetBeans 8.0.2\webcommon;C:\Program Files (x86)\NetBeans 8.0.2\websvccommon;C:\Program Files (x86)\NetBeans 8.0.2\enterprise;C:\Program Files (x86)\NetBeans 8.0.2\mobility;C:\Program Files (x86)\NetBeans 8.0.2\profiler;C:\Program Files (x86)\NetBeans 8.0.2\python;C:\Program Files (x86)\NetBeans 8.0.2\php;C:\Program Files (x86)\NetBeans 8.0.2\identity;C:\Program Files (x86)\NetBeans 8.0.2\harness;C:\Program Files (x86)\NetBeans 8.0.2\cnd;C:\Program Files (x86)\NetBeans 8.0.2\dlight;C:\Program Files (x86)\NetBeans 8.0.2\groovy;C:\Program Files (x86)\NetBeans 8.0.2\extra;C:\Program Files (x86)\NetBeans 8.0.2\javacard;C:\Program Files (x86)\NetBeans 8.0.2\javafx exit 
java_command: <unknown>
java_class_path (initial): C:\Program Files (x86)\NetBeans 8.0.2\platform\lib\boot.jar;C:\Program Files (x86)\NetBeans 8.0.2\platform\lib\org-openide-modules.jar;C:\Program Files (x86)\NetBeans 8.0.2\platform\lib\org-openide-util-lookup.jar;C:\Program Files (x86)\NetBeans 8.0.2\platform\lib\org-openide-util.jar;C:\Program Files (x86)\NetBeans 8.0.2\platform\lib\locale\boot_ja.jar;C:\Program Files (x86)\NetBeans 8.0.2\platform\lib\locale\boot_pt_BR.jar;C:\Program Files (x86)\NetBeans 8.0.2\platform\lib\locale\boot_ru.jar;C:\Program Files (x86)\NetBeans 8.0.2\platform\lib\locale\boot_zh_CN.jar;C:\Program Files (x86)\NetBeans 8.0.2\platform\lib\locale\org-openide-modules_ja.jar;C:\Program Files (x86)\NetBeans 8.0.2\platform\lib\locale\org-openide-modules_pt_BR.jar;C:\Program Files (x86)\NetBeans 8.0.2\platform\lib\locale\org-openide-modules_ru.jar;C:\Program Files (x86)\NetBeans 8.0.2\platform\lib\locale\org-openide-modules_zh_CN.jar;C:\Program Files (x86)\NetBeans 8.0.2\platform\lib\locale\org-openide-util-lookup_ja.jar;C:\Program Files (x86)\NetBeans 8.0.2\platform\lib\locale\org-openide-util-lookup_pt_BR.jar;C:\Program Files (x86)\NetBeans 8.0.2\platform\lib\locale\org-openide-util-lookup_ru.jar;C:\Program Files (x86)\NetBeans 8.0.2\platform\lib\locale\org-openide-util-lookup_zh_CN.jar;C:\Program Files (x86)\NetBeans 8.0.2\platform\lib\locale\org-openide-util_ja.jar;C:\Program Files (x86)\NetBeans 8.0.2\platform\lib\locale\org-openide-util_pt_BR.jar;C:\Program Files (x86)\NetBeans 8.0.2\platform\lib\locale\org-openide-util_ru.jar;C:\Program Files (x86)\NetBeans 8.0.2\platform\lib\locale\org-openide-util_zh_CN.jar;C:\Program Files\Java\jdk1.8.0_65\lib\dt.jar;C:\Program Files\Java\jdk1.8.0_65\lib\tools.jar
Launcher Type: generic

Environment Variables:
PATH=C:\ProgramData\Oracle\Java\javapath;C:\Program Files (x86)\NVIDIA Corporation\PhysX\Common;C:\Program Files (x86)\Intel\iCLS Client\;C:\Program Files\Intel\iCLS Client\;C:\Program Files\Common Files\Microsoft Shared\Windows Live;C:\Program Files (x86)\Common Files\Microsoft Shared\Windows Live;C:\Windows\system32;C:\Windows;C:\Windows\System32\Wbem;C:\Windows\System32\WindowsPowerShell\v1.0\;C:\Program Files (x86)\Windows Live\Shared;C:\Program Files (x86)\EgisTec MyWinLocker\x64;C:\Program Files (x86)\EgisTec MyWinLocker\;C:\Program Files (x86)\Intel\OpenCL SDK\2.0\bin\x86;C:\Program Files (x86)\Intel\OpenCL SDK\2.0\bin\x64;C:\Program Files\Intel\Intel(R) Management Engine Components\DAL;C:\Program Files\Intel\Intel(R) Management Engine Components\IPT;C:\Program Files (x86)\Intel\Intel(R) Management Engine Components\DAL;C:\Program Files (x86)\Intel\Intel(R) Management Engine Components\IPT;C:\Program Files (x86)\Microsoft SQL Server\100\Tools\Binn\;C:\Program Files\Microsoft SQL Server\100\Tools\Binn\;C:\Program Files\Microsoft SQL Server\100\DTS\Binn\;C:\Program Files (x86)\Microsoft SQL Server\100\Tools\Binn\VSShell\Common7\IDE\;C:\Program Files (x86)\Microsoft SQL Server\100\DTS\Binn\;C:\instantclient_12_1;C:\xampp\php;C:\wamp64\bin\php\php5.6.40;C:\wamp64\bin\php\php7.1.33;C:\xampp\htdocs\php;C:\xampp\php;C:\composer;C:\Program Files\Git\cmd;C:\Users\User\AppData\Roaming\Composer\vendor\bin
USERNAME=User
OS=Windows_NT
PROCESSOR_IDENTIFIER=Intel64 Family 6 Model 58 Stepping 9, GenuineIntel



---------------  S Y S T E M  ---------------

OS: Windows 7 , 64 bit Build 7601 (6.1.7601.24545)

CPU:total 4 (2 cores per cpu, 2 threads per core) family 6 model 58 stepping 9, cmov, cx8, fxsr, mmx, sse, sse2, sse3, ssse3, sse4.1, sse4.2, popcnt, avx, aes, clmul, erms, ht, tsc, tscinvbit, tscinv

Memory: 4k page, physical 1931628k(242568k free), swap 7726512k(7056k free)

vm_info: Java HotSpot(TM) 64-Bit Server VM (25.65-b01) for windows-amd64 JRE (1.8.0_65-b17), built on Oct  6 2015 16:39:20 by "java_re" with MS VC++ 10.0 (VS2010)

time: Mon Jan 31 22:00:52 2022
elapsed time: 64 seconds (0d 0h 1m 4s)

